Arguments: 
  C:\Users\hi\AppData\Roaming\nvm\v16.15.0\node.exe C:\Users\hi\AppData\Roaming\nvm\v16.15.0\node_modules\yarn\bin\yarn.js init

PATH: 
  C:\Windows\system32;C:\Windows;C:\Windows\System32\Wbem;C:\Windows\System32\WindowsPowerShell\v1.0\;C:\Windows\System32\OpenSSH\;C:\Program Files\PuTTY\;C:\Program Files\Git\cmd;C:\Users\hi\AppData\Roaming\nvm;C:\Program Files\nodejs;C:\Program Files\MongoDB\Server\5.0\bin;C:\Program Files (x86)\NVIDIA Corporation\PhysX\Common;C:\Program Files\PostgreSQL\15\bin;C:\Users\hi\AppData\Local\Programs\Python\Python310;C:\Users\hi\AppData\Local\Programs\Python\Python310\Scripts;C:\flutter\bin;C:\Program Files\Java\jdk-11\bin;C:\Program Files\Java\jdk-11\lib;C:\Users\hi\AppData\Local\Android\Sdk\emulator;C:\Users\hi\AppData\Local\Android\Sdk\platform-tools;C:\WebDriver;C:\xampp74\php;C:\ProgramData\ComposerSetup\bin;C:\Users\hi\AppData\Local\Android\Sdk\tools;C:\Users\hi\AppData\Local\Programs\Python\Python310\Scripts;C:\Users\hi\.cargo\bin;D:\1.ToolShop\1.DevTools\Java\apache-maven-3.8.5\bin;D:\1.ToolShop\1.DevTools\Java\spring-2.5.0\bin;C:\Program Files\Bitcoin\daemon;D:\1.ToolShop\1.DevTools\Blockchain\ord-0.5.2-x86_64-pc-windows-msvc;C:\Users\hi\AppData\Roaming\nvm\v16.15.0;C:\Program Files\Java\jre1.8.0_321\bin;C:\Program Files\Java\jre1.8.0_321\lib;D:\gradle-6.7.1\bin;C:\Program Files\dotnet\;C:\Users\hi\.cargo\bin;C:\Users\hi\AppData\Local\Microsoft\WindowsApps;C:\Users\hi\AppData\Local\Programs\Microsoft VS Code\bin;C:\Users\hi\AppData\Roaming\nvm;C:\Program Files\nodejs;C:\Program Files\JetBrains\WebStorm 2022.2.3\bin;;C:\Program Files\heroku\bin;C:\Program Files\Java\jdk-18\bin;C:\Users\hi\AppData\Roaming\Composer\vendor\bin;C:\Users\hi\AppData\Local\Programs\EmEditor;C:\Users\hi\AppData\Local\GitHubDesktop\bin

Yarn version: 
  1.22.19

Node version: 
  16.15.0

Platform: 
  win32 x64

Trace: 
  Error: canceled
      at Interface.<anonymous> (C:\Users\hi\AppData\Roaming\nvm\v16.15.0\node_modules\yarn\lib\cli.js:137150:13)
      at Interface.emit (node:events:527:28)
      at Interface._ttyWrite (node:readline:1081:16)
      at ReadStream.onkeypress (node:readline:288:10)
      at ReadStream.emit (node:events:527:28)
      at emitKeys (node:internal/readline/utils:358:14)
      at emitKeys.next (<anonymous>)
      at ReadStream.onData (node:internal/readline/emitKeypressEvents:61:36)
      at ReadStream.emit (node:events:527:28)
      at addChunk (node:internal/streams/readable:315:12)

npm manifest: 
  {
    "name": "axiodex-prices",
    "license": "UNLICENSED",
    "scripts": {
      "codegen": "graph codegen subgraph.yaml",
      "build": "graph build subgraph.yaml",
      "init": "graph init --studio prices-base-goerli",
      "auth": "graph auth --studio bc72ce993df2ba1f8f624321d47ea650",
      "deploy": "graph deploy --studio prices-base-goerli"
    }
  }

yarn manifest: 
  No manifest

Lockfile: 
  No lockfile
